Added Component: Designator=P?(HDR1X7)
Added Component: Designator=TB?(*SHIELD_STM32F3DISCOVERY)
Added Pin To Net: NetName=+3.3V Pin=P?-6
Added Net: Name=+3.3V
Added Pin To Net: NetName=GND Pin=P?-5
Added Pin To Net: NetName=GND Pin=TB?-3
Added Pin To Net: NetName=GND Pin=TB?-49
Added Pin To Net: NetName=GND Pin=TB?-50
Added Pin To Net: NetName=GND Pin=TB?-99
Added Pin To Net: NetName=GND Pin=TB?-100
Added Pin To Net: NetName=GND Pin=TB?-101
Added Pin To Net: NetName=GND Pin=TB?-102
Added Pin To Net: NetName=GND Pin=TB?-103
Added Pin To Net: NetName=GND Pin=TB?-104
Added Net: Name=GND
Added Pin To Net: NetName=NetJ1_2 Pin=TB?-32
Added Net: Name=NetJ1_2
Added Pin To Net: NetName=NetJ1_3 Pin=TB?-31
Added Net: Name=NetJ1_3
Added Pin To Net: NetName=NetJ1_5 Pin=TB?-17
Added Net: Name=NetJ1_5
Added Pin To Net: NetName=NetJ1_6 Pin=TB?-16
Added Net: Name=NetJ1_6
Added Pin To Net: NetName=NetJ1_7 Pin=TB?-15
Added Net: Name=NetJ1_7
Added Pin To Net: NetName=NetJ1_8 Pin=TB?-9
Added Net: Name=NetJ1_8
Added Pin To Net: NetName=NetJ1_9 Pin=TB?-12
Added Net: Name=NetJ1_9
Added Pin To Net: NetName=NetJ2_4 Pin=TB?-40
Added Net: Name=NetJ2_4
Added Pin To Net: NetName=NetJ2_5 Pin=TB?-77
Added Net: Name=NetJ2_5
Added Pin To Net: NetName=NetJ2_8 Pin=TB?-18
Added Net: Name=NetJ2_8
Added Net: Name=NetJ2_10
Added Pin To Net: NetName=NetJ3_3 Pin=TB?-63
Added Net: Name=NetJ3_3
Added Pin To Net: NetName=NetJ3_5 Pin=TB?-61
Added Net: Name=NetJ3_5
Added Pin To Net: NetName=NetJ3_6 Pin=TB?-6
Added Net: Name=NetJ3_6
Added Pin To Net: NetName=NetJ3_7 Pin=TB?-1
Added Net: Name=NetJ3_7
Added Pin To Net: NetName=NetJ?_6 Pin=TB?-27
Added Net: Name=NetJ?_6
Added Pin To Net: NetName=NetJ?_7 Pin=TB?-30
Added Net: Name=NetJ?_7
Added Pin To Net: NetName=NetJ?_8 Pin=TB?-25
Added Net: Name=NetJ?_8
Added Pin To Net: NetName=NetJ?_9 Pin=TB?-29
Added Net: Name=NetJ?_9
Added Pin To Net: NetName=NetP?_2 Pin=P?-2
Added Pin To Net: NetName=NetP?_2 Pin=TB?-86
Added Net: Name=NetP?_2
Added Pin To Net: NetName=NetP?_3 Pin=P?-3
Added Pin To Net: NetName=NetP?_3 Pin=TB?-85
Added Net: Name=NetP?_3
Added Pin To Net: NetName=PC14 Pin=TB?-57
Added Net: Name=PC14
Added Pin To Net: NetName=PC15 Pin=TB?-58
Added Net: Name=PC15
Added Pin To Net: NetName=VCC Pin=TB?-51
Added Pin To Net: NetName=VCC Pin=TB?-52
Added Net: Name=VCC
Added Class: Name=Sheet1
